<?xml version='1.0' encoding='UTF-8'?>
<testsuite hostname="DESKTOP-279MANB" name="au.com.agiledigital.toolform.command.generate.kubernetes.VolumeClaimWriterTest" tests="10" errors="0" failures="0" skipped="0" time="0.829">
                     <properties>
[...]
</properties>
                     <testcase classname="au.com.agiledigital.toolform.command.generate.kubernetes.VolumeClaimWriterTest" name="writeAccessModes should write access mode if a correct access mode is defined" time="0.793">
                                                 
                                               </testcase><testcase classname="au.com.agiledigital.toolform.command.generate.kubernetes.VolumeClaimWriterTest" name="writeAccessModes should write default access mode of ReadWriteOnce no access modes are defined" time="0.001">
                                                 
                                               </testcase><testcase classname="au.com.agiledigital.toolform.command.generate.kubernetes.VolumeClaimWriterTest" name="writeAccessModes should throw an exception if an incorrect access mode is defined" time="0.028">
                                                 
                                               </testcase><testcase classname="au.com.agiledigital.toolform.command.generate.kubernetes.VolumeClaimWriterTest" name="writeAccessModes should throw an exception if multiple incorrect access mode are defined" time="0.002">
                                                 
                                               </testcase><testcase classname="au.com.agiledigital.toolform.command.generate.kubernetes.VolumeClaimWriterTest" name="writeAccessModes should throw an exception if no resource settings is defined" time="0.001">
                                                 
                                               </testcase><testcase classname="au.com.agiledigital.toolform.command.generate.kubernetes.VolumeClaimWriterTest" name="getStorageSize should write default 2Gi if no size defined" time="0.001">
                                                 
                                               </testcase><testcase classname="au.com.agiledigital.toolform.command.generate.kubernetes.VolumeClaimWriterTest" name="getStorageSize should write storage size if size is defined" time="0.001">
                                                 
                                               </testcase><testcase classname="au.com.agiledigital.toolform.command.generate.kubernetes.VolumeClaimWriterTest" name="getStorageSize should write 2Gi storage size if size is 'small'" time="0.001">
                                                 
                                               </testcase><testcase classname="au.com.agiledigital.toolform.command.generate.kubernetes.VolumeClaimWriterTest" name="getStorageSize should write 5Gi storage size if size is 'medium'" time="0.001">
                                                 
                                               </testcase><testcase classname="au.com.agiledigital.toolform.command.generate.kubernetes.VolumeClaimWriterTest" name="getStorageSize should write 10Gi storage size if size is 'large'" time="0.0">
                                                 
                                               </testcase>
                     <system-out><![CDATA[]]></system-out>
                     <system-err><![CDATA[]]></system-err>
                   </testsuite>