<?xml version='1.0' encoding='UTF-8'?>
<testsuite hostname="DESKTOP-279MANB" name="au.com.agiledigital.toolform.command.generate.docker.GenerateDockerComposeV3CommandTest" tests="14" errors="0" failures="0" skipped="0" time="1.363">
                     <properties>
[...]
</properties>
                     <testcase classname="au.com.agiledigital.toolform.command.generate.docker.GenerateDockerComposeV3CommandTest" name="runDockerComposeV3 should generate valid Docker Compose v3 files for scenario: environment" time="1.226">
                                                 
                                               </testcase><testcase classname="au.com.agiledigital.toolform.command.generate.docker.GenerateDockerComposeV3CommandTest" name="runDockerComposeV3 should generate valid Docker Compose v3 files for scenario: exposedports" time="0.015">
                                                 
                                               </testcase><testcase classname="au.com.agiledigital.toolform.command.generate.docker.GenerateDockerComposeV3CommandTest" name="runDockerComposeV3 should generate valid Docker Compose v3 files for scenario: externalports" time="0.022">
                                                 
                                               </testcase><testcase classname="au.com.agiledigital.toolform.command.generate.docker.GenerateDockerComposeV3CommandTest" name="runDockerComposeV3 should generate valid Docker Compose v3 files for scenario: pathalogicalnaming" time="0.017">
                                                 
                                               </testcase><testcase classname="au.com.agiledigital.toolform.command.generate.docker.GenerateDockerComposeV3CommandTest" name="runDockerComposeV3 should generate valid Docker Compose v3 files for scenario: realworldsample" time="0.024">
                                                 
                                               </testcase><testcase classname="au.com.agiledigital.toolform.command.generate.docker.GenerateDockerComposeV3CommandTest" name="runDockerComposeV3 should generate valid Docker Compose v3 files for scenario: seti" time="0.019">
                                                 
                                               </testcase><testcase classname="au.com.agiledigital.toolform.command.generate.docker.GenerateDockerComposeV3CommandTest" name="generate docker output with invalid out dir should fail with error" time="0.025">
                                                 
                                               </testcase><testcase classname="au.com.agiledigital.toolform.command.generate.docker.GenerateDockerComposeV3CommandTest" name="writePorts should write ports if exposedPorts is defined" time="0.004">
                                                 
                                               </testcase><testcase classname="au.com.agiledigital.toolform.command.generate.docker.GenerateDockerComposeV3CommandTest" name="writePorts should not write ports if exposedPorts is defined" time="0.003">
                                                 
                                               </testcase><testcase classname="au.com.agiledigital.toolform.command.generate.docker.GenerateDockerComposeV3CommandTest" name="writePorts should not write anything if empty list of ports defined" time="0.002">
                                                 
                                               </testcase><testcase classname="au.com.agiledigital.toolform.command.generate.docker.GenerateDockerComposeV3CommandTest" name="writeEnvironmentVariables should write environment variables if environment is defined" time="0.003">
                                                 
                                               </testcase><testcase classname="au.com.agiledigital.toolform.command.generate.docker.GenerateDockerComposeV3CommandTest" name="writeEnvironmentVariables should not write anything if empty map of environment variables defined" time="0.003">
                                                 
                                               </testcase><testcase classname="au.com.agiledigital.toolform.command.generate.docker.GenerateDockerComposeV3CommandTest" name="writeResources should not write anything if an empty list of resources is provided" time="0.0">
                                                 
                                               </testcase><testcase classname="au.com.agiledigital.toolform.command.generate.docker.GenerateDockerComposeV3CommandTest" name="writeComponents should not write anything if an empty list of components is provided" time="0.0">
                                                 
                                               </testcase>
                     <system-out><![CDATA[]]></system-out>
                     <system-err><![CDATA[]]></system-err>
                   </testsuite>