<?xml version='1.0' encoding='UTF-8'?>
<testsuite hostname="DESKTOP-279MANB" name="au.com.agiledigital.toolform.reader.ProjectReaderTest" tests="4" errors="0" failures="0" skipped="0" time="1.26">
                     <properties>
[...]
</properties>
                     <testcase classname="au.com.agiledigital.toolform.reader.ProjectReaderTest" name="reading a valid project should return a Project model" time="1.195">
                                                 
                                               </testcase><testcase classname="au.com.agiledigital.toolform.reader.ProjectReaderTest" name="inspect blank file should display error string" time="0.062">
                                                 
                                               </testcase><testcase classname="au.com.agiledigital.toolform.reader.ProjectReaderTest" name="reading file that does not exist should display error string" time="0.001">
                                                 
                                               </testcase><testcase classname="au.com.agiledigital.toolform.reader.ProjectReaderTest" name="inspect malformed file should display error string" time="0.002">
                                                 
                                               </testcase>
                     <system-out><![CDATA[]]></system-out>
                     <system-err><![CDATA[]]></system-err>
                   </testsuite>