<?xml version='1.0' encoding='UTF-8'?>
<testsuite hostname="DESKTOP-279MANB" name="au.com.agiledigital.toolform.command.generate.kubernetes.minishift.GenerateMinishiftCommandTest" tests="8" errors="0" failures="0" skipped="0" time="0.499" timestamp="2019-12-02T09:58:02">
                     <properties>
[...]
</properties>
                     <testcase classname="au.com.agiledigital.toolform.command.generate.kubernetes.minishift.GenerateMinishiftCommandTest" name="runGenerateMinishift should generate valid Kubernetes (Minishift flavour) specs for scenario: endpointroutes" time="0.392">
                                                 
                                               </testcase><testcase classname="au.com.agiledigital.toolform.command.generate.kubernetes.minishift.GenerateMinishiftCommandTest" name="runGenerateMinishift should generate valid Kubernetes (Minishift flavour) specs for scenario: environment" time="0.022">
                                                 
                                               </testcase><testcase classname="au.com.agiledigital.toolform.command.generate.kubernetes.minishift.GenerateMinishiftCommandTest" name="runGenerateMinishift should generate valid Kubernetes (Minishift flavour) specs for scenario: exposedports" time="0.015">
                                                 
                                               </testcase><testcase classname="au.com.agiledigital.toolform.command.generate.kubernetes.minishift.GenerateMinishiftCommandTest" name="runGenerateMinishift should generate valid Kubernetes (Minishift flavour) specs for scenario: externalports" time="0.01">
                                                 
                                               </testcase><testcase classname="au.com.agiledigital.toolform.command.generate.kubernetes.minishift.GenerateMinishiftCommandTest" name="runGenerateMinishift should generate valid Kubernetes (Minishift flavour) specs for scenario: pathalogicalnaming" time="0.012">
                                                 
                                               </testcase><testcase classname="au.com.agiledigital.toolform.command.generate.kubernetes.minishift.GenerateMinishiftCommandTest" name="runGenerateMinishift should generate valid Kubernetes (Minishift flavour) specs for scenario: persistentvolumes" time="0.018">
                                                 
                                               </testcase><testcase classname="au.com.agiledigital.toolform.command.generate.kubernetes.minishift.GenerateMinishiftCommandTest" name="runGenerateMinishift should generate valid Kubernetes (Minishift flavour) specs for scenario: realworldsample" time="0.018">
                                                 
                                               </testcase><testcase classname="au.com.agiledigital.toolform.command.generate.kubernetes.minishift.GenerateMinishiftCommandTest" name="runGenerateMinishift should generate valid Kubernetes (Minishift flavour) specs for scenario: seti" time="0.012">
                                                 
                                               </testcase>
                     <system-out><![CDATA[]]></system-out>
                     <system-err><![CDATA[]]></system-err>
                   </testsuite>