<?xml version="1.0" encoding="UTF-8" ?>
<testsuite 
errors="0" failures="0" hostname="DESKTOP-279MANB" name="au.com.agiledigital.toolform.reader.ProjectReaderTest" tests="4" time="1.311" timestamp="2019-12-05T14:58:12">
  <properties>
[...]
</properties>
  <testcase 
  name="reading a valid project should return a Project model" classname="au.com.agiledigital.toolform.reader.ProjectReaderTest" time="1.191">
</testcase>
  <testcase 
  name="inspect blank file should display error string" classname="au.com.agiledigital.toolform.reader.ProjectReaderTest" time="0.062">
</testcase>
  <testcase 
  name="reading file that does not exist should display error string" classname="au.com.agiledigital.toolform.reader.ProjectReaderTest" time="0.001">
</testcase>
  <testcase 
  name="inspect malformed file should display error string" classname="au.com.agiledigital.toolform.reader.ProjectReaderTest" time="0.003">
</testcase>
  <system-out><![CDATA[]]></system-out>
  <system-err><![CDATA[]]></system-err>
</testsuite>
