<?xml version="1.0" encoding="UTF-8" ?>
<testsuite 
errors="0" failures="0" hostname="DESKTOP-279MANB" name="au.com.agiledigital.toolform.command.generate.kubernetes.minikube.GenerateMinikubeTest" tests="11" time="0.579" timestamp="2019-12-02T09:58:02">
  <properties>
[...]
</properties>
  <testcase 
  name="runGenerateMinikube should generate valid Kubernetes (Minikube flavour) specs for scenario: endpointroutes" classname="au.com.agiledigital.toolform.command.generate.kubernetes.minikube.GenerateMinikubeTest" time="0.383">
</testcase>
  <testcase 
  name="runGenerateMinikube should generate valid Kubernetes (Minikube flavour) specs for scenario: environment" classname="au.com.agiledigital.toolform.command.generate.kubernetes.minikube.GenerateMinikubeTest" time="0.021">
</testcase>
  <testcase 
  name="runGenerateMinikube should generate valid Kubernetes (Minikube flavour) specs for scenario: exposedports" classname="au.com.agiledigital.toolform.command.generate.kubernetes.minikube.GenerateMinikubeTest" time="0.013">
</testcase>
  <testcase 
  name="runGenerateMinikube should generate valid Kubernetes (Minikube flavour) specs for scenario: externalports" classname="au.com.agiledigital.toolform.command.generate.kubernetes.minikube.GenerateMinikubeTest" time="0.013">
</testcase>
  <testcase 
  name="runGenerateMinikube should generate valid Kubernetes (Minikube flavour) specs for scenario: pathalogicalnaming" classname="au.com.agiledigital.toolform.command.generate.kubernetes.minikube.GenerateMinikubeTest" time="0.012">
</testcase>
  <testcase 
  name="runGenerateMinikube should generate valid Kubernetes (Minikube flavour) specs for scenario: persistentvolumes" classname="au.com.agiledigital.toolform.command.generate.kubernetes.minikube.GenerateMinikubeTest" time="0.018">
</testcase>
  <testcase 
  name="runGenerateMinikube should generate valid Kubernetes (Minikube flavour) specs for scenario: realworldsample" classname="au.com.agiledigital.toolform.command.generate.kubernetes.minikube.GenerateMinikubeTest" time="0.019">
</testcase>
  <testcase 
  name="runGenerateMinikube should generate valid Kubernetes (Minikube flavour) specs for scenario: seti" classname="au.com.agiledigital.toolform.command.generate.kubernetes.minikube.GenerateMinikubeTest" time="0.011">
</testcase>
  <testcase 
  name="generate minikube output with invalid out dir should fail with error" classname="au.com.agiledigital.toolform.command.generate.kubernetes.minikube.GenerateMinikubeTest" time="0.004">
</testcase>
  <testcase 
  name="isDiskResourceType should should return true if resource is disk type" classname="au.com.agiledigital.toolform.command.generate.kubernetes.minikube.GenerateMinikubeTest" time="0.005">
</testcase>
  <testcase 
  name="isDiskResourceType should should return false if resource is not disk type" classname="au.com.agiledigital.toolform.command.generate.kubernetes.minikube.GenerateMinikubeTest" time="0.001">
</testcase>
  <system-out><![CDATA[]]></system-out>
  <system-err><![CDATA[]]></system-err>
</testsuite>
