<?xml version="1.0" encoding="UTF-8" ?>
<testsuite 
errors="0" failures="0" hostname="DESKTOP-279MANB" name="au.com.agiledigital.toolform.model.PortMappingTest" tests="5" time="0.934" timestamp="2019-12-05T14:58:12">
  <properties>
[...]
</properties>
  <testcase 
  name="parsePortMappingFromConfigString should parse a valid port string" classname="au.com.agiledigital.toolform.model.PortMappingTest" time="0.481">
</testcase>
  <testcase 
  name="parsePortMappingFromConfigString should throw an exception for an invalid port string" classname="au.com.agiledigital.toolform.model.PortMappingTest" time="0.11">
</testcase>
  <testcase 
  name="parsePortMappingFromConfigString should handle partial matching" classname="au.com.agiledigital.toolform.model.PortMappingTest" time="0.056">
</testcase>
  <testcase 
  name="parsePortMappingFromConfigString should always be able to parse its own output" classname="au.com.agiledigital.toolform.model.PortMappingTest" time="0.171">
</testcase>
  <testcase 
  name="parsePortMappingFromConfigString should always output the same string that is parsed in" classname="au.com.agiledigital.toolform.model.PortMappingTest" time="0.003">
</testcase>
  <system-out><![CDATA[]]></system-out>
  <system-err><![CDATA[]]></system-err>
</testsuite>
